Performing C SOURCE FILE Test CMAKE_HAVE_LIBC_PTHREAD failed with the following output:
Change Dir: /home/ubuntu/RGBD_SLAM_code/part5/build/CMakeFiles/CMakeTmp

Run Build Command(s):/usr/bin/make -f Makefile cmTC_f89dc/fast && /usr/bin/make  -f CMakeFiles/cmTC_f89dc.dir/build.make CMakeFiles/cmTC_f89dc.dir/build
make[1]: 进入目录“/home/ubuntu/RGBD_SLAM_code/part5/build/CMakeFiles/CMakeTmp”
Building C object CMakeFiles/cmTC_f89dc.dir/src.c.o
/usr/bin/cc -DCMAKE_HAVE_LIBC_PTHREAD   -o CMakeFiles/cmTC_f89dc.dir/src.c.o -c /home/ubuntu/RGBD_SLAM_code/part5/build/CMakeFiles/CMakeTmp/src.c
Linking C executable cmTC_f89dc
/usr/local/bin/cmake -E cmake_link_script CMakeFiles/cmTC_f89dc.dir/link.txt --verbose=1
/usr/bin/cc -rdynamic CMakeFiles/cmTC_f89dc.dir/src.c.o -o cmTC_f89dc 
CMakeFiles/cmTC_f89dc.dir/src.c.o：在函数‘main’中：
src.c:(.text+0x3e)：对‘pthread_create’未定义的引用
src.c:(.text+0x4a)：对‘pthread_detach’未定义的引用
src.c:(.text+0x56)：对‘pthread_cancel’未定义的引用
src.c:(.text+0x67)：对‘pthread_join’未定义的引用
src.c:(.text+0x7b)：对‘pthread_atfork’未定义的引用
collect2: error: ld returned 1 exit status
CMakeFiles/cmTC_f89dc.dir/build.make:98: recipe for target 'cmTC_f89dc' failed
make[1]: *** [cmTC_f89dc] Error 1
make[1]: 离开目录“/home/ubuntu/RGBD_SLAM_code/part5/build/CMakeFiles/CMakeTmp”
Makefile:127: recipe for target 'cmTC_f89dc/fast' failed
make: *** [cmTC_f89dc/fast] Error 2


Source file was:
#include <pthread.h>

static void* test_func(void* data)
{
  return data;
}

int main(void)
{
  pthread_t thread;
  pthread_create(&thread, NULL, test_func, NULL);
  pthread_detach(thread);
  pthread_cancel(thread);
  pthread_join(thread, NULL);
  pthread_atfork(NULL, NULL, NULL);
  pthread_exit(NULL);

  return 0;
}

Determining if the function pthread_create exists in the pthreads failed with the following output:
Change Dir: /home/ubuntu/RGBD_SLAM_code/part5/build/CMakeFiles/CMakeTmp

Run Build Command(s):/usr/bin/make -f Makefile cmTC_c18b8/fast && /usr/bin/make  -f CMakeFiles/cmTC_c18b8.dir/build.make CMakeFiles/cmTC_c18b8.dir/build
make[1]: 进入目录“/home/ubuntu/RGBD_SLAM_code/part5/build/CMakeFiles/CMakeTmp”
Building C object CMakeFiles/cmTC_c18b8.dir/CheckFunctionExists.c.o
/usr/bin/cc   -DCHECK_FUNCTION_EXISTS=pthread_create -o CMakeFiles/cmTC_c18b8.dir/CheckFunctionExists.c.o -c /usr/local/share/cmake-3.20/Modules/CheckFunctionExists.c
Linking C executable cmTC_c18b8
/usr/local/bin/cmake -E cmake_link_script CMakeFiles/cmTC_c18b8.dir/link.txt --verbose=1
/usr/bin/cc  -DCHECK_FUNCTION_EXISTS=pthread_create -rdynamic CMakeFiles/cmTC_c18b8.dir/CheckFunctionExists.c.o -o cmTC_c18b8  -lpthreads 
/usr/bin/ld: 找不到 -lpthreads
collect2: error: ld returned 1 exit status
CMakeFiles/cmTC_c18b8.dir/build.make:98: recipe for target 'cmTC_c18b8' failed
make[1]: *** [cmTC_c18b8] Error 1
make[1]: 离开目录“/home/ubuntu/RGBD_SLAM_code/part5/build/CMakeFiles/CMakeTmp”
Makefile:127: recipe for target 'cmTC_c18b8/fast' failed
make: *** [cmTC_c18b8/fast] Error 2



